<?xml version="1.0" encoding="UTF-8"?>
<testsuite xmlns:xsi="http://www.w3.org/2001/XMLSchema-instance" xsi:noNamespaceSchemaLocation="https://maven.apache.org/surefire/maven-surefire-plugin/xsd/surefire-test-report-3.0.xsd" version="3.0" name="zest.MedianOfArraysTest" time="0.058" tests="34" errors="0" skipped="0" failures="0">
  <properties>
    <property name="sun.desktop" value="windows"/>
    <property name="awt.toolkit" value="sun.awt.windows.WToolkit"/>
    <property name="java.specification.version" value="11"/>
    <property name="sun.cpu.isalist" value="amd64"/>
    <property name="sun.jnu.encoding" value="Cp1252"/>
    <property name="java.class.path" value="C:\Github Repos\effective-testing-g15\assignment01\median_of_arrays\target\test-classes;C:\Github Repos\effective-testing-g15\assignment01\median_of_arrays\target\classes;C:\Users\bfcfr\.m2\repository\org\junit\jupiter\junit-jupiter\5.8.1\junit-jupiter-5.8.1.jar;C:\Users\bfcfr\.m2\repository\org\junit\jupiter\junit-jupiter-api\5.8.1\junit-jupiter-api-5.8.1.jar;C:\Users\bfcfr\.m2\repository\org\opentest4j\opentest4j\1.2.0\opentest4j-1.2.0.jar;C:\Users\bfcfr\.m2\repository\org\junit\platform\junit-platform-commons\1.8.1\junit-platform-commons-1.8.1.jar;C:\Users\bfcfr\.m2\repository\org\apiguardian\apiguardian-api\1.1.2\apiguardian-api-1.1.2.jar;C:\Users\bfcfr\.m2\repository\org\junit\jupiter\junit-jupiter-params\5.8.1\junit-jupiter-params-5.8.1.jar;C:\Users\bfcfr\.m2\repository\org\junit\jupiter\junit-jupiter-engine\5.8.1\junit-jupiter-engine-5.8.1.jar;C:\Users\bfcfr\.m2\repository\org\junit\platform\junit-platform-engine\1.8.1\junit-platform-engine-1.8.1.jar;"/>
    <property name="java.vm.vendor" value="Amazon.com Inc."/>
    <property name="sun.arch.data.model" value="64"/>
    <property name="user.variant" value=""/>
    <property name="java.vendor.url" value="https://aws.amazon.com/corretto/"/>
    <property name="user.timezone" value="Europe/Zurich"/>
    <property name="java.vm.specification.version" value="11"/>
    <property name="os.name" value="Windows 11"/>
    <property name="sun.java.launcher" value="SUN_STANDARD"/>
    <property name="user.country" value="CH"/>
    <property name="sun.boot.library.path" value="C:\Users\bfcfr\.jdks\corretto-11.0.23\bin"/>
    <property name="sun.java.command" value="C:\Users\bfcfr\AppData\Local\Temp\surefire15434112002266542565\surefirebooter-20240421212206690_3.jar C:\Users\bfcfr\AppData\Local\Temp\surefire15434112002266542565 2024-04-21T21-22-06_349-jvmRun1 surefire-20240421212206690_1tmp surefire_0-20240421212206690_2tmp"/>
    <property name="jdk.debug" value="release"/>
    <property name="surefire.test.class.path" value="C:\Github Repos\effective-testing-g15\assignment01\median_of_arrays\target\test-classes;C:\Github Repos\effective-testing-g15\assignment01\median_of_arrays\target\classes;C:\Users\bfcfr\.m2\repository\org\junit\jupiter\junit-jupiter\5.8.1\junit-jupiter-5.8.1.jar;C:\Users\bfcfr\.m2\repository\org\junit\jupiter\junit-jupiter-api\5.8.1\junit-jupiter-api-5.8.1.jar;C:\Users\bfcfr\.m2\repository\org\opentest4j\opentest4j\1.2.0\opentest4j-1.2.0.jar;C:\Users\bfcfr\.m2\repository\org\junit\platform\junit-platform-commons\1.8.1\junit-platform-commons-1.8.1.jar;C:\Users\bfcfr\.m2\repository\org\apiguardian\apiguardian-api\1.1.2\apiguardian-api-1.1.2.jar;C:\Users\bfcfr\.m2\repository\org\junit\jupiter\junit-jupiter-params\5.8.1\junit-jupiter-params-5.8.1.jar;C:\Users\bfcfr\.m2\repository\org\junit\jupiter\junit-jupiter-engine\5.8.1\junit-jupiter-engine-5.8.1.jar;C:\Users\bfcfr\.m2\repository\org\junit\platform\junit-platform-engine\1.8.1\junit-platform-engine-1.8.1.jar;"/>
    <property name="sun.cpu.endian" value="little"/>
    <property name="user.home" value="C:\Users\bfcfr"/>
    <property name="user.language" value="de"/>
    <property name="java.specification.vendor" value="Oracle Corporation"/>
    <property name="java.version.date" value="2024-04-16"/>
    <property name="java.home" value="C:\Users\bfcfr\.jdks\corretto-11.0.23"/>
    <property name="file.separator" value="\"/>
    <property name="basedir" value="C:\Github Repos\effective-testing-g15\assignment01\median_of_arrays"/>
    <property name="java.vm.compressedOopsMode" value="Zero based"/>
    <property name="line.separator" value="&#10;"/>
    <property name="java.specification.name" value="Java Platform API Specification"/>
    <property name="java.vm.specification.vendor" value="Oracle Corporation"/>
    <property name="java.awt.graphicsenv" value="sun.awt.Win32GraphicsEnvironment"/>
    <property name="surefire.real.class.path" value="C:\Users\bfcfr\AppData\Local\Temp\surefire15434112002266542565\surefirebooter-20240421212206690_3.jar"/>
    <property name="user.script" value=""/>
    <property name="sun.management.compiler" value="HotSpot 64-Bit Tiered Compilers"/>
    <property name="java.runtime.version" value="11.0.23+9-LTS"/>
    <property name="user.name" value="bfcfr"/>
    <property name="path.separator" value=";"/>
    <property name="os.version" value="10.0"/>
    <property name="java.runtime.name" value="OpenJDK Runtime Environment"/>
    <property name="file.encoding" value="Cp1252"/>
    <property name="java.vm.name" value="OpenJDK 64-Bit Server VM"/>
    <property name="java.vendor.version" value="Corretto-11.0.23.9.1"/>
    <property name="localRepository" value="C:\Users\bfcfr\.m2\repository"/>
    <property name="java.vendor.url.bug" value="https://github.com/corretto/corretto-11/issues/"/>
    <property name="java.io.tmpdir" value="C:\Users\bfcfr\AppData\Local\Temp\"/>
    <property name="idea.version" value="2022.3"/>
    <property name="java.version" value="11.0.23"/>
    <property name="user.dir" value="C:\Github Repos\effective-testing-g15\assignment01\median_of_arrays"/>
    <property name="os.arch" value="amd64"/>
    <property name="java.vm.specification.name" value="Java Virtual Machine Specification"/>
    <property name="java.awt.printerjob" value="sun.awt.windows.WPrinterJob"/>
    <property name="sun.os.patch.level" value=""/>
    <property name="java.library.path" value="C:\Users\bfcfr\.jdks\corretto-11.0.23\bin;C:\Windows\Sun\Java\bin;C:\Windows\system32;C:\Windows;c:\program files\oculus\support\oculus-runtime;c:\windows\system32;c:\windows;c:\windows\system32\wbem;c:\windows\system32\windowspowershell\v1.0\;c:\windows\system32\openssh\;c:\program files\nvidia corporation\nvidia nvdlisr;c:\program files\dotnet\;c:\program files\git\cmd;c:\program files\java\jdk-17\bin;c:\program files\nodejs\;c:\program files\mysql\mysql utilities 1.6\;C:\Program Files (x86)\NVIDIA Corporation\PhysX\Common;C:\Program Files\Docker\Docker\resources\bin;C:\Program Files\CMake\bin;C:\texlive\2024\bin\windows;C:\Program Files\MySQL\MySQL Shell 8.0\bin\;C:\Users\bfcfr\AppData\Local\Programs\Python\Python311\Scripts\;C:\Users\bfcfr\AppData\Local\Programs\Python\Python311\;C:\Users\bfcfr\AppData\Local\Microsoft\WindowsApps;C:\Users\bfcfr\AppData\Local\Programs\Microsoft VS Code\bin;C:\Users\bfcfr\AppData\Local\Programs\Python\Python311;C:\Users\bfcfr\AppData\Local\GitHubDesktop\bin;C:\dev;C:\Users\bfcfr\AppData\Roaming\npm;C:\Users\bfcfr\AppData\Local\Google\Cloud SDK\google-cloud-sdk\bin;C:\ffmpeg\bin;C:\Users\bfcfr\AppData\Local\Programs\MiKTeX\miktex\bin\x64\;."/>
    <property name="java.vm.info" value="mixed mode"/>
    <property name="java.vendor" value="Amazon.com Inc."/>
    <property name="java.vm.version" value="11.0.23+9-LTS"/>
    <property name="java.specification.maintenance.version" value="2"/>
    <property name="sun.io.unicode.encoding" value="UnicodeLittle"/>
    <property name="java.class.version" value="55.0"/>
  </properties>
  <testcase name="testArrayOneAfterAnother" classname="zest.MedianOfArraysTest" time="0.021"/>
  <testcase name="testExceptionalCases1" classname="zest.MedianOfArraysTest" time="0.0"/>
  <testcase name="testExceptionalCases2" classname="zest.MedianOfArraysTest" time="0.001"/>
  <testcase name="testExceptionalCases3" classname="zest.MedianOfArraysTest" time="0.0"/>
  <testcase name="testExceptionalCases4" classname="zest.MedianOfArraysTest" time="0.0"/>
  <testcase name="testExceptionalCases5" classname="zest.MedianOfArraysTest" time="0.0"/>
  <testcase name="testExceptionalCases6" classname="zest.MedianOfArraysTest" time="0.0"/>
  <testcase name="testExceptionalCases7" classname="zest.MedianOfArraysTest" time="0.0"/>
  <testcase name="testExceptionalCases8" classname="zest.MedianOfArraysTest" time="0.0"/>
  <testcase name="testExceptionalCases9" classname="zest.MedianOfArraysTest" time="0.001"/>
  <testcase name="testMergerOdd1" classname="zest.MedianOfArraysTest" time="0.0"/>
  <testcase name="testMergerOdd2" classname="zest.MedianOfArraysTest" time="0.0"/>
  <testcase name="testNoMergerEven1" classname="zest.MedianOfArraysTest" time="0.0"/>
  <testcase name="testNoMergerEven2" classname="zest.MedianOfArraysTest" time="0.001"/>
  <testcase name="testNoMergerEven3" classname="zest.MedianOfArraysTest" time="0.0"/>
  <testcase name="testNoMergerEven4" classname="zest.MedianOfArraysTest" time="0.0"/>
  <testcase name="testMergerEven1" classname="zest.MedianOfArraysTest" time="0.001"/>
  <testcase name="testMergerEven2" classname="zest.MedianOfArraysTest" time="0.0"/>
  <testcase name="testMergerEven3" classname="zest.MedianOfArraysTest" time="0.0"/>
  <testcase name="testMergerEven4" classname="zest.MedianOfArraysTest" time="0.0"/>
  <testcase name="testMergerEven5" classname="zest.MedianOfArraysTest" time="0.001"/>
  <testcase name="testMergerEven6" classname="zest.MedianOfArraysTest" time="0.0"/>
  <testcase name="testOneArrayIsEmpty" classname="zest.MedianOfArraysTest" time="0.0"/>
  <testcase name="testDuplicateValues1" classname="zest.MedianOfArraysTest" time="0.0"/>
  <testcase name="testDuplicateValues2" classname="zest.MedianOfArraysTest" time="0.0"/>
  <testcase name="testNoMergerOdd1" classname="zest.MedianOfArraysTest" time="0.001"/>
  <testcase name="testNoMergerOdd2" classname="zest.MedianOfArraysTest" time="0.0"/>
  <testcase name="testNoMergerOdd3" classname="zest.MedianOfArraysTest" time="0.0"/>
  <testcase name="testNoMergerOdd4" classname="zest.MedianOfArraysTest" time="0.0"/>
  <testcase name="testNoMergerOdd5" classname="zest.MedianOfArraysTest" time="0.0"/>
  <testcase name="testNoMergerOdd6" classname="zest.MedianOfArraysTest" time="0.001"/>
  <testcase name="testNoMergerOdd7" classname="zest.MedianOfArraysTest" time="0.0"/>
  <testcase name="testNoMergerOdd8" classname="zest.MedianOfArraysTest" time="0.0"/>
  <testcase name="testTwoEqualOddArrays" classname="zest.MedianOfArraysTest" time="0.0"/>
</testsuite>