<?xml version="1.0" encoding="UTF-8"?>
<testsuite xmlns:xsi="http://www.w3.org/2001/XMLSchema-instance" xsi:noNamespaceSchemaLocation="https://maven.apache.org/surefire/maven-surefire-plugin/xsd/surefire-test-report-3.0.xsd" version="3.0" name="zest.UniquePathsTest" time="0.741" tests="6" errors="0" skipped="0" failures="0">
  <properties>
    <property name="sun.desktop" value="windows"/>
    <property name="awt.toolkit" value="sun.awt.windows.WToolkit"/>
    <property name="java.specification.version" value="11"/>
    <property name="sun.cpu.isalist" value="amd64"/>
    <property name="sun.jnu.encoding" value="Cp1252"/>
    <property name="java.class.path" value="D:\git projects\effective-testing-g15\assignment02\UniquePathsGrid\target\test-classes;D:\git projects\effective-testing-g15\assignment02\UniquePathsGrid\target\classes;C:\Users\Juan Carlos\.m2\repository\org\junit\jupiter\junit-jupiter\5.9.2\junit-jupiter-5.9.2.jar;C:\Users\Juan Carlos\.m2\repository\org\junit\jupiter\junit-jupiter-api\5.9.2\junit-jupiter-api-5.9.2.jar;C:\Users\Juan Carlos\.m2\repository\org\opentest4j\opentest4j\1.2.0\opentest4j-1.2.0.jar;C:\Users\Juan Carlos\.m2\repository\org\junit\platform\junit-platform-commons\1.9.2\junit-platform-commons-1.9.2.jar;C:\Users\Juan Carlos\.m2\repository\org\junit\jupiter\junit-jupiter-params\5.9.2\junit-jupiter-params-5.9.2.jar;C:\Users\Juan Carlos\.m2\repository\org\junit\jupiter\junit-jupiter-engine\5.9.2\junit-jupiter-engine-5.9.2.jar;C:\Users\Juan Carlos\.m2\repository\org\junit\platform\junit-platform-engine\1.9.2\junit-platform-engine-1.9.2.jar;C:\Users\Juan Carlos\.m2\repository\net\jqwik\jqwik\1.8.4\jqwik-1.8.4.jar;C:\Users\Juan Carlos\.m2\repository\org\apiguardian\apiguardian-api\1.1.2\apiguardian-api-1.1.2.jar;C:\Users\Juan Carlos\.m2\repository\net\jqwik\jqwik-api\1.8.4\jqwik-api-1.8.4.jar;C:\Users\Juan Carlos\.m2\repository\net\jqwik\jqwik-web\1.8.4\jqwik-web-1.8.4.jar;C:\Users\Juan Carlos\.m2\repository\net\jqwik\jqwik-time\1.8.4\jqwik-time-1.8.4.jar;C:\Users\Juan Carlos\.m2\repository\net\jqwik\jqwik-engine\1.8.4\jqwik-engine-1.8.4.jar;"/>
    <property name="java.vm.vendor" value="Amazon.com Inc."/>
    <property name="sun.arch.data.model" value="64"/>
    <property name="user.variant" value=""/>
    <property name="java.vendor.url" value="https://aws.amazon.com/corretto/"/>
    <property name="user.timezone" value="Europe/Zurich"/>
    <property name="java.vm.specification.version" value="11"/>
    <property name="os.name" value="Windows 10"/>
    <property name="sun.java.launcher" value="SUN_STANDARD"/>
    <property name="user.country" value="GB"/>
    <property name="sun.boot.library.path" value="C:\Users\Juan Carlos\.jdks\corretto-11.0.23\bin"/>
    <property name="sun.java.command" value="C:\Users\Juan Carlos\AppData\Local\Temp\surefire16531546674014081365\surefirebooter-20240421213450613_3.jar C:\Users\Juan Carlos\AppData\Local\Temp\surefire16531546674014081365 2024-04-21T21-34-50_157-jvmRun1 surefire-20240421213450613_1tmp surefire_0-20240421213450613_2tmp"/>
    <property name="jdk.debug" value="release"/>
    <property name="surefire.test.class.path" value="D:\git projects\effective-testing-g15\assignment02\UniquePathsGrid\target\test-classes;D:\git projects\effective-testing-g15\assignment02\UniquePathsGrid\target\classes;C:\Users\Juan Carlos\.m2\repository\org\junit\jupiter\junit-jupiter\5.9.2\junit-jupiter-5.9.2.jar;C:\Users\Juan Carlos\.m2\repository\org\junit\jupiter\junit-jupiter-api\5.9.2\junit-jupiter-api-5.9.2.jar;C:\Users\Juan Carlos\.m2\repository\org\opentest4j\opentest4j\1.2.0\opentest4j-1.2.0.jar;C:\Users\Juan Carlos\.m2\repository\org\junit\platform\junit-platform-commons\1.9.2\junit-platform-commons-1.9.2.jar;C:\Users\Juan Carlos\.m2\repository\org\junit\jupiter\junit-jupiter-params\5.9.2\junit-jupiter-params-5.9.2.jar;C:\Users\Juan Carlos\.m2\repository\org\junit\jupiter\junit-jupiter-engine\5.9.2\junit-jupiter-engine-5.9.2.jar;C:\Users\Juan Carlos\.m2\repository\org\junit\platform\junit-platform-engine\1.9.2\junit-platform-engine-1.9.2.jar;C:\Users\Juan Carlos\.m2\repository\net\jqwik\jqwik\1.8.4\jqwik-1.8.4.jar;C:\Users\Juan Carlos\.m2\repository\org\apiguardian\apiguardian-api\1.1.2\apiguardian-api-1.1.2.jar;C:\Users\Juan Carlos\.m2\repository\net\jqwik\jqwik-api\1.8.4\jqwik-api-1.8.4.jar;C:\Users\Juan Carlos\.m2\repository\net\jqwik\jqwik-web\1.8.4\jqwik-web-1.8.4.jar;C:\Users\Juan Carlos\.m2\repository\net\jqwik\jqwik-time\1.8.4\jqwik-time-1.8.4.jar;C:\Users\Juan Carlos\.m2\repository\net\jqwik\jqwik-engine\1.8.4\jqwik-engine-1.8.4.jar;"/>
    <property name="sun.cpu.endian" value="little"/>
    <property name="user.home" value="C:\Users\Juan Carlos"/>
    <property name="user.language" value="en"/>
    <property name="java.specification.vendor" value="Oracle Corporation"/>
    <property name="java.version.date" value="2024-04-16"/>
    <property name="java.home" value="C:\Users\Juan Carlos\.jdks\corretto-11.0.23"/>
    <property name="file.separator" value="\"/>
    <property name="basedir" value="D:\git projects\effective-testing-g15\assignment02\UniquePathsGrid"/>
    <property name="java.vm.compressedOopsMode" value="Zero based"/>
    <property name="line.separator" value="&#10;"/>
    <property name="java.specification.name" value="Java Platform API Specification"/>
    <property name="java.vm.specification.vendor" value="Oracle Corporation"/>
    <property name="java.awt.graphicsenv" value="sun.awt.Win32GraphicsEnvironment"/>
    <property name="surefire.real.class.path" value="C:\Users\Juan Carlos\AppData\Local\Temp\surefire16531546674014081365\surefirebooter-20240421213450613_3.jar"/>
    <property name="user.script" value=""/>
    <property name="sun.management.compiler" value="HotSpot 64-Bit Tiered Compilers"/>
    <property name="java.runtime.version" value="11.0.23+9-LTS"/>
    <property name="user.name" value="Juan Carlos"/>
    <property name="path.separator" value=";"/>
    <property name="os.version" value="10.0"/>
    <property name="java.runtime.name" value="OpenJDK Runtime Environment"/>
    <property name="file.encoding" value="Cp1252"/>
    <property name="java.vm.name" value="OpenJDK 64-Bit Server VM"/>
    <property name="java.vendor.version" value="Corretto-11.0.23.9.1"/>
    <property name="localRepository" value="C:\Users\Juan Carlos\.m2\repository"/>
    <property name="java.vendor.url.bug" value="https://github.com/corretto/corretto-11/issues/"/>
    <property name="java.io.tmpdir" value="C:\Users\JUANCA~1\AppData\Local\Temp\"/>
    <property name="idea.version" value="2024.1"/>
    <property name="java.version" value="11.0.23"/>
    <property name="user.dir" value="D:\git projects\effective-testing-g15\assignment02\UniquePathsGrid"/>
    <property name="os.arch" value="amd64"/>
    <property name="java.vm.specification.name" value="Java Virtual Machine Specification"/>
    <property name="java.awt.printerjob" value="sun.awt.windows.WPrinterJob"/>
    <property name="sun.os.patch.level" value=""/>
    <property name="java.library.path" value="C:\Users\Juan Carlos\.jdks\corretto-11.0.23\bin;C:\WINDOWS\Sun\Java\bin;C:\WINDOWS\system32;C:\WINDOWS;C:\Program Files\Common Files\Oracle\Java\javapath;C:\Python27\;C:\Python27\Scripts;C:\Program Files (x86)\Intel\iCLS Client\;C:\Program Files\Intel\iCLS Client\;C:\Windows\system32;C:\Windows;C:\Windows\System32\Wbem;C:\Windows\System32\WindowsPowerShell\v1.0\;C:\Program Files (x86)\NVIDIA Corporation\PhysX\Common;C:\Program Files (x86)\Intel\Intel(R) Management Engine Components\DAL;C:\Program Files\Intel\Intel(R) Management Engine Components\DAL;C:\Program Files (x86)\Intel\Intel(R) Management Engine Components\IPT;C:\Program Files\Intel\Intel(R) Management Engine Components\IPT;C:\Program Files\Intel\WiFi\bin\;C:\Program Files\Common Files\Intel\WirelessCommon\;C:\WINDOWS\system32;C:\WINDOWS;C:\WINDOWS\System32\Wbem;C:\WINDOWS\System32\WindowsPowerShell\v1.0\;C:\WINDOWS\System32\OpenSSH\;C:\Program Files\nodejs\;C:\ProgramData\chocolatey\bin;C:\Program Files\NVIDIA Corporation\NVIDIA NvDLISR;C:\Program Files\Git\cmd;C:\Program Files\AutoFirma\AutoFirma;C:\WINDOWS\system32;C:\WINDOWS;C:\WINDOWS\System32\Wbem;C:\WINDOWS\System32\WindowsPowerShell\v1.0\;C:\WINDOWS\System32\OpenSSH\;C:\Program Files\dotnet\;C:\Users\Juan Carlos\AppData\Local\Microsoft\WindowsApps;C:\Program Files\Docker Toolbox;C:\Users\Juan Carlos\AppData\Local\Programs\Microsoft VS Code\bin;C:\Users\Juan Carlos\AppData\Roaming\npm;C:\Users\Juan Carlos\AppData\Local\Microsoft\WindowsApps;D:\git projects\maven\apache-maven-3.8.6\bin;C:\Program Files\JetBrains\IntelliJ IDEA 2024.1\bin;;."/>
    <property name="java.vm.info" value="mixed mode"/>
    <property name="java.vendor" value="Amazon.com Inc."/>
    <property name="java.vm.version" value="11.0.23+9-LTS"/>
    <property name="java.specification.maintenance.version" value="2"/>
    <property name="sun.io.unicode.encoding" value="UnicodeLittle"/>
    <property name="java.class.version" value="55.0"/>
  </properties>
  <testcase name="testSimpleNonSquareGrid" classname="zest.UniquePathsTest" time="0.063"/>
  <testcase name="testPostConditionsAreSatisfied" classname="zest.UniquePathsTest" time="0.005"/>
  <testcase name="testResultSatisfiesConditions" classname="zest.UniquePathsTest" time="0.003"/>
  <testcase name="testInvariantSatisfiesConditions" classname="zest.UniquePathsTest" time="0.002"/>
  <testcase name="testSimpleSquareGrid" classname="zest.UniquePathsTest" time="0.001"/>
  <testcase name="testOnlyOneRow" classname="zest.UniquePathsTest" time="0.38">
    <system-out><![CDATA[timestamp = 2024-04-21T21:34:52.629644600, UniquePathsTest:testOnlyOneRow = 
                              |-----------------------jqwik-----------------------
tries = 100                   | # of calls to property
checks = 100                  | # of not rejected calls
generation = EXHAUSTIVE       | parameters are exhaustively generated
after-failure = SAMPLE_FIRST  | try previously failed sample, then previous seed
when-fixed-seed = ALLOW       | fixing the random seed is allowed
edge-cases#mode = MIXIN       | edge cases are mixed in
edge-cases#total = 0          | # of all combined edge cases
edge-cases#tried = 0          | # of edge cases tried in current run
seed = 4899418187599433535    | random seed to reproduce generated values


]]></system-out>
  </testcase>
  <testcase name="testOnlyOneColumn" classname="zest.UniquePathsTest" time="0.023">
    <system-out><![CDATA[timestamp = 2024-04-21T21:34:52.672638800, UniquePathsTest:testOnlyOneColumn = 
                              |-----------------------jqwik-----------------------
tries = 100                   | # of calls to property
checks = 100                  | # of not rejected calls
generation = EXHAUSTIVE       | parameters are exhaustively generated
after-failure = SAMPLE_FIRST  | try previously failed sample, then previous seed
when-fixed-seed = ALLOW       | fixing the random seed is allowed
edge-cases#mode = MIXIN       | edge cases are mixed in
edge-cases#total = 0          | # of all combined edge cases
edge-cases#tried = 0          | # of edge cases tried in current run
seed = 3462267738445744430    | random seed to reproduce generated values


]]></system-out>
  </testcase>
  <testcase name="testInvalidM" classname="zest.UniquePathsTest" time="0.207">
    <system-out><![CDATA[timestamp = 2024-04-21T21:34:52.880602100, UniquePathsTest:testInvalidM = 
                              |-----------------------jqwik-----------------------
tries = 1000                  | # of calls to property
checks = 866                  | # of not rejected calls
generation = RANDOMIZED       | parameters are randomly generated
after-failure = SAMPLE_FIRST  | try previously failed sample, then previous seed
when-fixed-seed = ALLOW       | fixing the random seed is allowed
edge-cases#mode = MIXIN       | edge cases are mixed in
edge-cases#total = 36         | # of all combined edge cases
edge-cases#tried = 36         | # of edge cases tried in current run
seed = 5421040620026628374    | random seed to reproduce generated values


]]></system-out>
  </testcase>
  <testcase name="testInvalidN" classname="zest.UniquePathsTest" time="0.08">
    <system-out><![CDATA[timestamp = 2024-04-21T21:34:52.961588600, UniquePathsTest:testInvalidN = 
                              |-----------------------jqwik-----------------------
tries = 1000                  | # of calls to property
checks = 884                  | # of not rejected calls
generation = RANDOMIZED       | parameters are randomly generated
after-failure = SAMPLE_FIRST  | try previously failed sample, then previous seed
when-fixed-seed = ALLOW       | fixing the random seed is allowed
edge-cases#mode = MIXIN       | edge cases are mixed in
edge-cases#total = 36         | # of all combined edge cases
edge-cases#tried = 36         | # of edge cases tried in current run
seed = 1660896623659391183    | random seed to reproduce generated values


]]></system-out>
  </testcase>
  <testcase name="testvValidM" classname="zest.UniquePathsTest" time="0.012">
    <system-out><![CDATA[timestamp = 2024-04-21T21:34:52.974589100, UniquePathsTest:testvValidM = 
                              |-----------------------jqwik-----------------------
tries = 100                   | # of calls to property
checks = 100                  | # of not rejected calls
generation = EXHAUSTIVE       | parameters are exhaustively generated
after-failure = SAMPLE_FIRST  | try previously failed sample, then previous seed
when-fixed-seed = ALLOW       | fixing the random seed is allowed
edge-cases#mode = MIXIN       | edge cases are mixed in
edge-cases#total = 0          | # of all combined edge cases
edge-cases#tried = 0          | # of edge cases tried in current run
seed = 5006108121917958903    | random seed to reproduce generated values


]]></system-out>
  </testcase>
  <testcase name="testvValidN" classname="zest.UniquePathsTest" time="0.009">
    <system-out><![CDATA[timestamp = 2024-04-21T21:34:52.984585700, UniquePathsTest:testvValidN = 
                              |-----------------------jqwik-----------------------
tries = 100                   | # of calls to property
checks = 100                  | # of not rejected calls
generation = EXHAUSTIVE       | parameters are exhaustively generated
after-failure = SAMPLE_FIRST  | try previously failed sample, then previous seed
when-fixed-seed = ALLOW       | fixing the random seed is allowed
edge-cases#mode = MIXIN       | edge cases are mixed in
edge-cases#total = 0          | # of all combined edge cases
edge-cases#tried = 0          | # of edge cases tried in current run
seed = -4232414037279097850   | random seed to reproduce generated values


]]></system-out>
  </testcase>
</testsuite>