<?xml version="1.0" encoding="UTF-8"?>
<testsuite xmlns:xsi="http://www.w3.org/2001/XMLSchema-instance" xsi:noNamespaceSchemaLocation="https://maven.apache.org/surefire/maven-surefire-plugin/xsd/surefire-test-report-3.0.xsd" version="3.0" name="zest.MaximumSubarrayTest" time="0.046" tests="11" errors="0" skipped="0" failures="0">
  <properties>
    <property name="java.specification.version" value="17"/>
    <property name="sun.cpu.isalist" value="amd64"/>
    <property name="sun.jnu.encoding" value="Cp1252"/>
    <property name="java.class.path" value="C:\Github Repos\effective-testing-g15\assignment01\maximum_subarray\target\test-classes;C:\Github Repos\effective-testing-g15\assignment01\maximum_subarray\target\classes;C:\Users\bfcfr\.m2\repository\org\junit\jupiter\junit-jupiter\5.8.1\junit-jupiter-5.8.1.jar;C:\Users\bfcfr\.m2\repository\org\junit\jupiter\junit-jupiter-api\5.8.1\junit-jupiter-api-5.8.1.jar;C:\Users\bfcfr\.m2\repository\org\opentest4j\opentest4j\1.2.0\opentest4j-1.2.0.jar;C:\Users\bfcfr\.m2\repository\org\junit\platform\junit-platform-commons\1.8.1\junit-platform-commons-1.8.1.jar;C:\Users\bfcfr\.m2\repository\org\apiguardian\apiguardian-api\1.1.2\apiguardian-api-1.1.2.jar;C:\Users\bfcfr\.m2\repository\org\junit\jupiter\junit-jupiter-params\5.8.1\junit-jupiter-params-5.8.1.jar;C:\Users\bfcfr\.m2\repository\org\junit\jupiter\junit-jupiter-engine\5.8.1\junit-jupiter-engine-5.8.1.jar;C:\Users\bfcfr\.m2\repository\org\junit\platform\junit-platform-engine\1.8.1\junit-platform-engine-1.8.1.jar;"/>
    <property name="java.vm.vendor" value="Oracle Corporation"/>
    <property name="sun.arch.data.model" value="64"/>
    <property name="user.variant" value=""/>
    <property name="java.vendor.url" value="https://java.oracle.com/"/>
    <property name="user.timezone" value="Europe/Zurich"/>
    <property name="os.name" value="Windows 11"/>
    <property name="java.vm.specification.version" value="17"/>
    <property name="sun.java.launcher" value="SUN_STANDARD"/>
    <property name="user.country" value="CH"/>
    <property name="sun.boot.library.path" value="C:\Program Files\Java\jdk-17\bin"/>
    <property name="sun.java.command" value="C:\Users\bfcfr\AppData\Local\Temp\surefire17928518230347778258\surefirebooter-20240324185307490_3.jar C:\Users\bfcfr\AppData\Local\Temp\surefire17928518230347778258 2024-03-24T18-53-07_279-jvmRun1 surefire-20240324185307490_1tmp surefire_0-20240324185307490_2tmp"/>
    <property name="jdk.debug" value="release"/>
    <property name="surefire.test.class.path" value="C:\Github Repos\effective-testing-g15\assignment01\maximum_subarray\target\test-classes;C:\Github Repos\effective-testing-g15\assignment01\maximum_subarray\target\classes;C:\Users\bfcfr\.m2\repository\org\junit\jupiter\junit-jupiter\5.8.1\junit-jupiter-5.8.1.jar;C:\Users\bfcfr\.m2\repository\org\junit\jupiter\junit-jupiter-api\5.8.1\junit-jupiter-api-5.8.1.jar;C:\Users\bfcfr\.m2\repository\org\opentest4j\opentest4j\1.2.0\opentest4j-1.2.0.jar;C:\Users\bfcfr\.m2\repository\org\junit\platform\junit-platform-commons\1.8.1\junit-platform-commons-1.8.1.jar;C:\Users\bfcfr\.m2\repository\org\apiguardian\apiguardian-api\1.1.2\apiguardian-api-1.1.2.jar;C:\Users\bfcfr\.m2\repository\org\junit\jupiter\junit-jupiter-params\5.8.1\junit-jupiter-params-5.8.1.jar;C:\Users\bfcfr\.m2\repository\org\junit\jupiter\junit-jupiter-engine\5.8.1\junit-jupiter-engine-5.8.1.jar;C:\Users\bfcfr\.m2\repository\org\junit\platform\junit-platform-engine\1.8.1\junit-platform-engine-1.8.1.jar;"/>
    <property name="sun.cpu.endian" value="little"/>
    <property name="user.home" value="C:\Users\bfcfr"/>
    <property name="user.language" value="de"/>
    <property name="java.specification.vendor" value="Oracle Corporation"/>
    <property name="java.version.date" value="2023-01-17"/>
    <property name="java.home" value="C:\Program Files\Java\jdk-17"/>
    <property name="file.separator" value="\"/>
    <property name="basedir" value="C:\Github Repos\effective-testing-g15\assignment01\maximum_subarray"/>
    <property name="java.vm.compressedOopsMode" value="Zero based"/>
    <property name="line.separator" value="&#10;"/>
    <property name="java.vm.specification.vendor" value="Oracle Corporation"/>
    <property name="java.specification.name" value="Java Platform API Specification"/>
    <property name="surefire.real.class.path" value="C:\Users\bfcfr\AppData\Local\Temp\surefire17928518230347778258\surefirebooter-20240324185307490_3.jar"/>
    <property name="user.script" value=""/>
    <property name="sun.management.compiler" value="HotSpot 64-Bit Tiered Compilers"/>
    <property name="java.runtime.version" value="17.0.6+9-LTS-190"/>
    <property name="user.name" value="bfcfr"/>
    <property name="path.separator" value=";"/>
    <property name="os.version" value="10.0"/>
    <property name="java.runtime.name" value="Java(TM) SE Runtime Environment"/>
    <property name="file.encoding" value="Cp1252"/>
    <property name="java.vm.name" value="Java HotSpot(TM) 64-Bit Server VM"/>
    <property name="localRepository" value="C:\Users\bfcfr\.m2\repository"/>
    <property name="java.vendor.url.bug" value="https://bugreport.java.com/bugreport/"/>
    <property name="java.io.tmpdir" value="C:\Users\bfcfr\AppData\Local\Temp\"/>
    <property name="idea.version" value="2022.3"/>
    <property name="java.version" value="17.0.6"/>
    <property name="user.dir" value="C:\Github Repos\effective-testing-g15\assignment01\maximum_subarray"/>
    <property name="os.arch" value="amd64"/>
    <property name="java.vm.specification.name" value="Java Virtual Machine Specification"/>
    <property name="sun.os.patch.level" value=""/>
    <property name="native.encoding" value="Cp1252"/>
    <property name="java.library.path" value="C:\Program Files\Java\jdk-17\bin;C:\Windows\Sun\Java\bin;C:\Windows\system32;C:\Windows;c:\program files\oculus\support\oculus-runtime;c:\windows\system32;c:\windows;c:\windows\system32\wbem;c:\windows\system32\windowspowershell\v1.0\;c:\windows\system32\openssh\;c:\program files\nvidia corporation\nvidia nvdlisr;c:\program files\dotnet\;c:\program files\git\cmd;c:\program files\java\jdk-17\bin;c:\program files\nodejs\;c:\program files\mysql\mysql utilities 1.6\;C:\Program Files (x86)\NVIDIA Corporation\PhysX\Common;C:\Program Files\Docker\Docker\resources\bin;C:\texlive\2024\bin\windows;C:\Program Files\MySQL\MySQL Shell 8.0\bin\;C:\Users\bfcfr\AppData\Local\Programs\Python\Python311\Scripts\;C:\Users\bfcfr\AppData\Local\Programs\Python\Python311\;C:\Users\bfcfr\AppData\Local\Microsoft\WindowsApps;C:\Users\bfcfr\AppData\Local\Programs\Microsoft VS Code\bin;C:\Users\bfcfr\AppData\Local\Programs\Python\Python311;C:\Users\bfcfr\AppData\Local\GitHubDesktop\bin;C:\dev;C:\Users\bfcfr\AppData\Roaming\npm;C:\Users\bfcfr\AppData\Local\Google\Cloud SDK\google-cloud-sdk\bin;C:\ffmpeg\bin;C:\Users\bfcfr\AppData\Local\Programs\MiKTeX\miktex\bin\x64\;."/>
    <property name="java.vm.info" value="mixed mode, sharing"/>
    <property name="java.vendor" value="Oracle Corporation"/>
    <property name="java.vm.version" value="17.0.6+9-LTS-190"/>
    <property name="sun.io.unicode.encoding" value="UnicodeLittle"/>
    <property name="java.class.version" value="61.0"/>
  </properties>
  <testcase name="testArrayOnlyNegative" classname="zest.MaximumSubarrayTest" time="0.018"/>
  <testcase name="testArrayMixed" classname="zest.MaximumSubarrayTest" time="0.0"/>
  <testcase name="testArrayTwoParts" classname="zest.MaximumSubarrayTest" time="0.0"/>
  <testcase name="testArrayTwoConsequentValues" classname="zest.MaximumSubarrayTest" time="0.0"/>
  <testcase name="testArrayLength1" classname="zest.MaximumSubarrayTest" time="0.001"/>
  <testcase name="testArrayIsNullOrEmpty" classname="zest.MaximumSubarrayTest" time="0.002"/>
  <testcase name="testAllElementsPositive" classname="zest.MaximumSubarrayTest" time="0.001"/>
  <testcase name="testAllElementsNegative" classname="zest.MaximumSubarrayTest" time="0.0"/>
  <testcase name="testNegativeInTheMiddle" classname="zest.MaximumSubarrayTest" time="0.0"/>
  <testcase name="testFirstPartPositiveSecondPartNegative" classname="zest.MaximumSubarrayTest" time="0.001"/>
  <testcase name="testArrayOnlyPositive" classname="zest.MaximumSubarrayTest" time="0.0"/>
</testsuite>